<?xml version="1.0" encoding="UTF-8" ?>
<testsuite failures="0" time="0.179" errors="0" skipped="0" tests="58" name="org.archive.net.UURIFactoryTest">
  <properties>
    <property name="java.runtime.name" value="OpenJDK Runtime Environment"/>
    <property name="sun.boot.library.path" value="/usr/lib/jvm/java-6-openjdk-amd64/jre/lib/amd64"/>
    <property name="java.vm.version" value="20.0-b12"/>
    <property name="java.vm.vendor" value="Sun Microsystems Inc."/>
    <property name="java.vendor.url" value="http://java.sun.com/"/>
    <property name="path.separator" value=":"/>
    <property name="java.vm.name" value="OpenJDK 64-Bit Server VM"/>
    <property name="file.encoding.pkg" value="sun.io"/>
    <property name="user.country" value="US"/>
    <property name="sun.java.launcher" value="SUN_STANDARD"/>
    <property name="sun.os.patch.level" value="unknown"/>
    <property name="java.vm.specification.name" value="Java Virtual Machine Specification"/>
    <property name="user.dir" value="/home/chpooo/workspace/heritrix-3.1.1"/>
    <property name="java.runtime.version" value="1.6.0_27-b27"/>
    <property name="java.awt.graphicsenv" value="sun.awt.X11GraphicsEnvironment"/>
    <property name="java.endorsed.dirs" value="/usr/lib/jvm/java-6-openjdk-amd64/jre/lib/endorsed"/>
    <property name="os.arch" value="amd64"/>
    <property name="java.io.tmpdir" value="/tmp"/>
    <property name="line.separator" value="
"/>
    <property name="java.vm.specification.vendor" value="Sun Microsystems Inc."/>
    <property name="os.name" value="Linux"/>
    <property name="classworlds.conf" value="/usr/share/maven2/bin/m2.conf"/>
    <property name="sun.jnu.encoding" value="UTF-8"/>
    <property name="java.library.path" value="/usr/lib/jvm/java-6-openjdk-amd64/jre/lib/amd64/server:/usr/lib/jvm/java-6-openjdk-amd64/jre/lib/amd64:/usr/lib/jvm/java-6-openjdk-amd64/jre/../lib/amd64:/usr/java/packages/lib/amd64:/usr/lib/x86_64-linux-gnu/jni:/lib/x86_64-linux-gnu:/usr/lib/x86_64-linux-gnu:/usr/lib/jni:/lib:/usr/lib"/>
    <property name="java.specification.name" value="Java Platform API Specification"/>
    <property name="java.class.version" value="50.0"/>
    <property name="sun.management.compiler" value="HotSpot 64-Bit Tiered Compilers"/>
    <property name="os.version" value="3.8.0-19-generic"/>
    <property name="user.home" value="/home/chpooo"/>
    <property name="user.timezone" value="Asia/Shanghai"/>
    <property name="java.awt.printerjob" value="sun.print.PSPrinterJob"/>
    <property name="file.encoding" value="UTF-8"/>
    <property name="java.specification.version" value="1.6"/>
    <property name="user.name" value="chpooo"/>
    <property name="java.class.path" value="/usr/share/maven2/boot/classworlds.jar"/>
    <property name="java.vm.specification.version" value="1.0"/>
    <property name="sun.arch.data.model" value="64"/>
    <property name="java.home" value="/usr/lib/jvm/java-6-openjdk-amd64/jre"/>
    <property name="sun.java.command" value="org.codehaus.classworlds.Launcher &quot;clean&quot; &quot;install&quot;"/>
    <property name="java.specification.vendor" value="Sun Microsystems Inc."/>
    <property name="user.language" value="en"/>
    <property name="java.vm.info" value="mixed mode"/>
    <property name="java.version" value="1.6.0_27"/>
    <property name="java.ext.dirs" value="/usr/lib/jvm/java-6-openjdk-amd64/jre/lib/ext:/usr/java/packages/lib/ext"/>
    <property name="securerandom.source" value="file:/dev/./urandom"/>
    <property name="sun.boot.class.path" value="/usr/lib/jvm/java-6-openjdk-amd64/jre/lib/resources.jar:/usr/lib/jvm/java-6-openjdk-amd64/jre/lib/rt.jar:/usr/lib/jvm/java-6-openjdk-amd64/jre/lib/sunrsasign.jar:/usr/lib/jvm/java-6-openjdk-amd64/jre/lib/jsse.jar:/usr/lib/jvm/java-6-openjdk-amd64/jre/lib/jce.jar:/usr/lib/jvm/java-6-openjdk-amd64/jre/lib/charsets.jar:/usr/lib/jvm/java-6-openjdk-amd64/jre/lib/netx.jar:/usr/lib/jvm/java-6-openjdk-amd64/jre/lib/plugin.jar:/usr/lib/jvm/java-6-openjdk-amd64/jre/lib/rhino.jar:/usr/lib/jvm/java-6-openjdk-amd64/jre/lib/modules/jdk.boot.jar:/usr/lib/jvm/java-6-openjdk-amd64/jre/classes"/>
    <property name="java.vendor" value="Sun Microsystems Inc."/>
    <property name="maven.home" value="/usr/share/maven2"/>
    <property name="file.separator" value="/"/>
    <property name="java.vendor.url.bug" value="http://java.sun.com/cgi-bin/bugreport.cgi"/>
    <property name="sun.cpu.endian" value="little"/>
    <property name="sun.io.unicode.encoding" value="UnicodeLittle"/>
    <property name="sun.desktop" value="gnome"/>
    <property name="sun.cpu.isalist" value=""/>
  </properties>
  <testcase time="0.002" classname="org.archive.net.UURIFactoryTest" name="testPort"/>
  <testcase time="0.001" classname="org.archive.net.UURIFactoryTest" name="testEscaping"/>
  <testcase time="0.001" classname="org.archive.net.UURIFactoryTest" name="testUnderscoreMakesPortParseFail"/>
  <testcase time="0.001" classname="org.archive.net.UURIFactoryTest" name="testRelativeURIWithTwoSlashes"/>
  <testcase time="0" classname="org.archive.net.UURIFactoryTest" name="testTrailingEncodedSpace"/>
  <testcase time="0" classname="org.archive.net.UURIFactoryTest" name="testPort0080is80"/>
  <testcase time="0.016" classname="org.archive.net.UURIFactoryTest" name="testEscapeEncoding"/>
  <testcase time="0.007" classname="org.archive.net.UURIFactoryTest" name="testTooLongAfterEscaping"/>
  <testcase time="0" classname="org.archive.net.UURIFactoryTest" name="testFtpUris"/>
  <testcase time="0.002" classname="org.archive.net.UURIFactoryTest" name="testWhitespaceEscaped"/>
  <testcase time="0.001" classname="org.archive.net.UURIFactoryTest" name="testDnsHost"/>
  <testcase time="0" classname="org.archive.net.UURIFactoryTest" name="testPercentEscaping"/>
  <testcase time="0.001" classname="org.archive.net.UURIFactoryTest" name="testRelativeDblPathSlashes"/>
  <testcase time="0" classname="org.archive.net.UURIFactoryTest" name="testRelativeWithScheme"/>
  <testcase time="0.001" classname="org.archive.net.UURIFactoryTest" name="testBadBaseResolve"/>
  <testcase time="0.001" classname="org.archive.net.UURIFactoryTest" name="testTilde"/>
  <testcase time="0.001" classname="org.archive.net.UURIFactoryTest" name="testCurlies"/>
  <testcase time="0" classname="org.archive.net.UURIFactoryTest" name="testTrimSpaceNBSP"/>
  <testcase time="0" classname="org.archive.net.UURIFactoryTest" name="testSpaceDoubleEncoding"/>
  <testcase time="0.002" classname="org.archive.net.UURIFactoryTest" name="testDoubleEncoding"/>
  <testcase time="0.002" classname="org.archive.net.UURIFactoryTest" name="testThreeSlashes"/>
  <testcase time="0" classname="org.archive.net.UURIFactoryTest" name="testNoScheme"/>
  <testcase time="0.001" classname="org.archive.net.UURIFactoryTest" name="testRelative"/>
  <testcase time="0.001" classname="org.archive.net.UURIFactoryTest" name="testRelativeEmpty"/>
  <testcase time="0.001" classname="org.archive.net.UURIFactoryTest" name="testAbsolute"/>
  <testcase time="0.001" classname="org.archive.net.UURIFactoryTest" name="testHostWithLessThan"/>
  <testcase time="0.005" classname="org.archive.net.UURIFactoryTest" name="test2kURI"/>
  <testcase time="0.001" classname="org.archive.net.UURIFactoryTest" name="testHostWithPeriod"/>
  <testcase time="0.001" classname="org.archive.net.UURIFactoryTest" name="testHostEncodedChars"/>
  <testcase time="0.001" classname="org.archive.net.UURIFactoryTest" name="testSpaceInHost"/>
  <testcase time="0.001" classname="org.archive.net.UURIFactoryTest" name="testHostWithUnderscores"/>
  <testcase time="0" classname="org.archive.net.UURIFactoryTest" name="testTwoDots"/>
  <testcase time="0.001" classname="org.archive.net.UURIFactoryTest" name="testHostWithDigit"/>
  <testcase time="0.001" classname="org.archive.net.UURIFactoryTest" name="testUserinfo"/>
  <testcase time="0" classname="org.archive.net.UURIFactoryTest" name="testUserinfoPlusPort"/>
  <testcase time="0" classname="org.archive.net.UURIFactoryTest" name="testRFC3986RelativeChange"/>
  <testcase time="0.006" classname="org.archive.net.UURIFactoryTest" name="testRFC3986Relative"/>
  <testcase time="0.006" classname="org.archive.net.UURIFactoryTest" name="testRFC2396Relative"/>
  <testcase time="0" classname="org.archive.net.UURIFactoryTest" name="testAnchors"/>
  <testcase time="0.001" classname="org.archive.net.UURIFactoryTest" name="testStartsWithColon"/>
  <testcase time="0.001" classname="org.archive.net.UURIFactoryTest" name="testLateColon"/>
  <testcase time="0.001" classname="org.archive.net.UURIFactoryTest" name="testTrailingPercents"/>
  <testcase time="0.001" classname="org.archive.net.UURIFactoryTest" name="testStrayPercents"/>
  <testcase time="0" classname="org.archive.net.UURIFactoryTest" name="testEscapingNotNecessary"/>
  <testcase time="0.061" classname="org.archive.net.UURIFactoryTest" name="testIdn"/>
  <testcase time="0.001" classname="org.archive.net.UURIFactoryTest" name="testNewLineInURL"/>
  <testcase time="0" classname="org.archive.net.UURIFactoryTest" name="testTabsInURL"/>
  <testcase time="0.001" classname="org.archive.net.UURIFactoryTest" name="testQueryEscaping"/>
  <testcase time="0.004" classname="org.archive.net.UURIFactoryTest" name="testSameAsNutchURLFilterBasic"/>
  <testcase time="0" classname="org.archive.net.UURIFactoryTest" name="testHttpSchemeColonSlash"/>
  <testcase time="0.001" classname="org.archive.net.UURIFactoryTest" name="testNakedHttpsSchemeColon"/>
  <testcase time="0" classname="org.archive.net.UURIFactoryTest" name="testMissingHttpColon"/>
  <testcase time="0.027" classname="org.archive.net.UURIFactoryTest" name="testSerializationRoundtrip"/>
  <testcase time="0" classname="org.archive.net.UURIFactoryTest" name="testToCustomStringRoundtrip"/>
  <testcase time="0.001" classname="org.archive.net.UURIFactoryTest" name="testHostnamePortRoundtrip"/>
  <testcase time="0" classname="org.archive.net.UURIFactoryTest" name="testExtremePort"/>
  <testcase time="0.001" classname="org.archive.net.UURIFactoryTest" name="testBarsInRelativePath"/>
  <testcase time="0" classname="org.archive.net.UURIFactoryTest" name="testBackslashes"/>
</testsuite>